Name: Aleksei Furlong
Student ID: 2297345
Number of lines in the file: 5
Number(Sum) of characters: 32
Mean: 6.4
Variance: 0.64
Standard Deviation: 0.8
Probability of A: 25%
Probability of AA: 25%
Probability of AC: 0%
Probability of AT: 0%
Probability of AG: 0%
Probability of C: 25%
Probability of CA: 0%
Probability of CC: 25%
Probability of CT: 0%
Probability of CG: 0%
Probability of T: 25%
Probability of TA: 0%
Probability of TC: 0%
Probability of TT: 21.875%
Probability of TG: 0%
Probability of G: 25%
Probability of GA: 0%
Probability of GC: 0%
Probability of GT: 0%
Probability of GG: 12.5%
TCTAC
TAACAG
CCGTATAT
CCAGACA
GCACTGGC
ATTAGT
TACTCA
GACGCTTT
TCGTA
TAAAAC
CTGATA
CCACGGTG
GTACCT
CTATTA
GGAGGA
GACCTGG
CTAGGCG
CTCTCA
CTCCTCA
AGTTTC
GCAACAA
AACCC
CAGGCC
GGGTGA
GGAATA
GTAAAA
TGGTGTG
ACCGGG
CCAATA
ACTTTT
ATCCATCT
ACCGTGA
TGATC
ACAATTA
CAGCCG
AACGTC
TCACTT
CCTGTTC
TCTCAC
GAGGC
GGGATCT
TAACAGAG
TTCGCCG
TATAGCG
CGGTAC
ACTGTTG
GCGTGAG
AACACCT
CGACT
CTGAGAC
ACAAAG
TGGGTTC
GGGGGT
CTTAGA
ACTAG
ACGGGGA
GTAGCT
TTGAG
ATACTG
TAAAG
TATCTC
AGTGTA
ACAACGGGC
TAGTCAGC
CCACG
TGCCG
CCATTC
TCACCA
AGCTT
CCTCGG
GAAAGCC
GCGCCATC
TTTAC
TAAAGAT
AACCA
AGAGTC
CGCGAT
TAACG
ACAAA
TGGTGCA
GTCCCG
TTGAGA
GACTCGG
AGTCAAG
GTGCA
TTTTCT
TTGCAAT
GGCTGCT
ACGGCA
TCGATA
TGATTA
TGGACT
ATATC
GATCCT
TTGTTCT
TTGCCC
TTCAT
ATTGAG
CCCCCA
AGTAAAT
CCCCGG
TCAGG
ACAGC
GGTTCTA
TCTCCGG
CAATCGG
CTTCATT
CGCCAC
TTCCA
TTTTTAA
CTGCC
GGCCA
CGTCTTA
TGAGAGTT
TACACC
GCTGGT
AGCTCG
TGGGTG
GCTATAG
CGTACG
TTTGTC
GGAGATCC
TTGGCAC
CAACCCT
TGTCCCC
AAAATC
TTCGCG
TTCAGA
CCGGGA
GACGTA
GGACGAC
GCTAGTTT
CAAAACG
CACGGT
AGTGT
TGCAA
AGTGT
GGCCCGC
CACGGCT
GCAAAGG
GCACGC
AAAAT
ACATACC
TGGCACGG
AATTATA
GGTCCTT
GCATCC
GGCCTTT
TGTGATTA
GAGGCAA
GGTTTCAG
TGAGCAG
GAGACTT
TAGGGG
CGGTGC
TAACATAG
GGCGAA
TGGTAT
CGAATT
TGTCC
TGTGCG
GTTGAA
GCCCAG
AGGGC
GGGGAG
GATAAAG
GTTAATC
CAGTT
AAGACA
TGCGCAC
AAGGCCT
ACTACG
TTCGAC
GGGACAT
CGCGGG
GCAT
CGCACT
TACCAAC
CTCCTCC
CCTGATC
AGTTT
CCAAGGC
CGGTCG
GTGTCTG
AGACAGAA
CCGCCA
GCGACAC
ATTCAGG
CTATCCC
ATCGTGA
TATA
GTCTAC
GAATTGC
TTCTGT
TTGTACT
CTGTCT
TTGCAA
GGCTCT
AACCGAT
CGTGAAG
TATGTA
AGAGAGC
GCTCA
ATATCA
TACCCAA
TATACC
CGAACGT
GGACCCA
GGCACC
CCTGACA
ATGCCGT
GCATTA
TGATATT
CTCGAG
TTTTGT
GCGCCT
TTTTCG
AACACA
CTCCGA
AATGTGT
CGACCTG
GTTTTT
TTGTA
CTGAAG
TGCCAGC
AAAGAT
TAATGAAT
GAAGCC
GACTTG
GGGAGTCT
AAAACC
ACGAAGC
GCTACT
AATCCT
AGATAT
ACTCAAT
GATCC
GGAGTG
GCCCGGG
GTTTTTC
TCGCAT
TCCAGAG
GACTCG
GTTTAAA
GCTGGGA
CCTCTA
TGTTAGC
GAAATAG
CTAAAT
GGATACCCC
GAATAA
TGTTAAA
TTGGACT
GATGGT
GGAAGCG
GAGAAGT
GAATTA
TCTGCTA
TTAGTA
GCCTAGT
TGACTTC
ACGTT
TCTACT
GGATAATC
ACTCTCTG
ATTATA
AATCGC
TCCAGC
AACAGG
TCCGC
GATCAGC
CCTCAA
CGAACTA
GCCCTAT
GATATGT
GCGGG
GTACAA
GTACC
CTAAAC
GCGAAGAT
GGATAAAC
TCCCTGG
TTTACG
CCATACT
GGCAGAG
AAGAAA
GTTGCC
ACAGGGT
GGAATAC
CATAT
CCCCTC
GCGAA
GCTGGTC
TAGCAAT
AGATACC
CGCCGTGT
TCGGCT
GACAGGG
TGTGGTG
CACTTGCA
GTATGTT
GGGCATT
TTCAGCA
TCTCAA
CGCCTC
GTCCCCG
AGCTCGG
ATTGG
GCACCTC
ATAGTCAA
AGCGTC
CCCGCA
GGATCAC
TCAAGTAC
CAAAA
CTATTACT
ACGGGA
TCGCTGT
GCTAAAG
CGAGAACCA
TCCTGCC
CATGAAC
CGTAAC
TCAGC
CTATA
CACAGTC
CTCTTTC
AGTCAC
CAATGGTA
GGGTG
ATTTTAG
TAAAGC
CACAACA
CTACCAG
CATTCGC
AGGGGC
ACATGC
GCATAT
GCGTAAC
ATCTAAG
CAATTGTA
AAGGCGA
CTGAT
CGGAAG
TATCCG
CAGGCGG
CATATC
CTGAC
CTCTGA
GTGCGCG
GGCTAATG
AACGCAC
GTGTCC
TGGCTTC
TGAGGAGG
CAGGGCG
CTAGG
CTCGCT
GTGGCTA
AGTTCGA
TAGAGA
CCGACA
ATTGCC
GAACCTG
GGTAA
AGAGGT
GGCCCC
AAGAGC
CTTCGGGC
CTAGTA
CATATA
AAAGTAC
GATCTAT
TGTAATCG
AAAATG
CAGCT
TCCGAGT
AGCGGAG
AAGTGA
GTTGATG
TAATAGGA
ATGAGGA
ATATTGT
CATGTT
CCTTGGT
GTAATGA
TTACAA
CGACCC
AGGGTG
GTATAA
CGGAAAG
TGGAGC
ATTCAAA
CTCTGCC
CATTTT
ATGAAC
CAAACG
ATACGATT
TATTG
CCCGTG
CTGACG
AGTGTGC
GTCCTTT
GACTCC
GCACCG
TCTAGCG
CTCCTCA
CGACAT
GGGAGTT
GTCTGTG
TTATTA
GCTTA
TTGAAA
CTAGTGG
CCTTG
GAGCAC
TCTTTAC
AAAACAA
ATGTGG
CCTGGG
AGAGA
TGACAA
CCATA
AACCAAG
CCAGTGT
CCGATT
CAAGTT
TTAGAAG
CCGGATCC
GATATGG
CAGTAATA
GAACCG
GATTAGA
AAGAG
CACGTA
GTCTGA
GTACGTT
TCATCC
ACCTCTT
CTAGCCG
AGCTTG
CAGAGTG
GTCTCC
TGACTCA
ATTGT
CGGGTG
CAGTGCG
GTGGGT
GGTTCG
ACGATT
CTCTGCA
GCTGATC
TCTATGG
AAAGTG
CTTCCC
AAGGGT
AAATT
TTAAC
GGCCAG
GTTGCCA
TCAGTCGTG
TCATGTG
AGCCAC
GTATAC
AGTCCA
ACAGGT
CGCGAAG
CACCCG
CGTAGT
GAGAGGT
CATTAACA
ACACTC
ACCGTGCA
ACGCTTGC
GAGTTCG
GATCTACG
CCGTGT
CTGGAGG
TACTG
CCCTA
AATCAAC
GCCGCCTG
GGCAAAC
GAGTA
GGTATTC
AATGTTCT
GGTGC
GCATAG
CTGTCC
ACCATAC
CTGGT
CATGTCA
GTTCGTC
AATCCAC
AGCAAAC
GAAAAAG
ATCGGT
ATTAGTCGT
AAATGG
CGTGCGC
CTTATGG
AACTAG
ATGGGGA
CACATA
AACGCT
ATCTC
GTCTGCC
GGGACCC
GTGAG
TTTATA
ACGGCGT
GTCGGA
AGGTTT
AGCGTAGC
CGCGGCC
CAGGTC
CGTCTT
CTCGTAG
CAGTCT
GGATCAG
TTGCAG
AAGGACC
AGGTC
GTCTTT
AATTGCGA
CCGTACCC
CTATAT
GCCGGC
CACTTG
CAAACG
CCGGGCC
GGTGCT
CCAAGAC
GCCCTA
TAGCAAG
GGGGAGA
TGAAACC
CATCGA
CGTTGT
CACCG
AACCA
TGTATG
AACAGC
CCGGG
GGCCAT
AGCGAC
TGGGGAG
CGCGCT
CAGCG
TCGCGGG
ACATCGA
AGCTC
AACTTTC
CCATGG
GGATGC
TACCTAA
TCGTGTC
CCTGTC
GGGAT
TACGTCG
GCCGTTT
GACGCTGT
CTATAAC
CGTAC
AAGCCT
TCCCGAC
CGCGTG
GTCCGG
CCCCAG
CAAGAAA
TTGGG
TCCATAG
CCACCG
ACGTCCC
ATAAGCG
GGTAGTG
TATTAGG
AAGGATA
TTGTCA
TAGTTTA
TACTCTC
GGGTTTG
GGATA
TATTTT
CAACGCCT
TTGGA
ATTCAGA
GCGTAGAAT
TACGTAA
TTGCAT
GACAAG
ACGCAA
CCTGAA
TTCTAA
GAGACGAG
GCCCG
CTACGT
GTGGCC
AAGGCG
CGTAATT
GCTATT
TGCCAT
GTTAAA
TTGCTCA
TTGAC
CTGCGT
ATTTTT
GTCGC
CAGACC
GCCATTG
CTACCA
ACGAATAC
AGCAAGC
TCTCA
GACACCT
ATGACT
CAGAAAA
GACTAA
CTGAGAT
TCTATG
GAGGA
CGACATGC
ATTTAC
GAATCC
TCCCGC
GTAGTC
TTATCGC
CCTCCA
CCATTTA
TGGTGGAA
AGGGGAC
GTTCCC
TCTTTA
TAAGAA
CAGGAAG
ACCTTT
CTTATG
TTCAG
CCTCTG
GTGAAT
CCAAAATG
ATCACG
GCGGGT
GCGTAGA
CAGCCCT
ATTGCGC
AGGTCG
GGGGTGA
TCCGTAC
TGAACAA
CTGTAA
CCGACGC
GACCCC
ATCTATG
CTGCCT
AGATGTC
CGCCAA
CGTTAC
GCCCCC
GACCAGT
CCTAT
TGACTAC
CCACAC
AGGTAA
CTTTCCG
GTAGAG
GCTTT
GTTGTA
CCCGTAC
AGAGGC
GGCTGCG
CGGTGAG
AGTGTC
CTGCTAC
GTCTTT
CTTTG
CCGCAT
ACAGGA
GAGCACT
TAAACGG
CCGGGAT
GAGAAATT
CTCCAT
ATCTC
CCCTC
TGTGGG
CCCGGA
GAAGCGT
CCTGGCA
GAGTTG
CGTAT
TAAGTT
AGAATGA
CGACACT
AAACAG
GGATCAA
ATTACGTC
CCAGTAG
GCGATG
CCACTT
ATAATG
CCCAGG
CGCACC
GCAACT
CGTGGTG
CCGCC
CAATA
CGTCTA
CTGTAGC
AGGGG
ATGCAC
GACATG
ATACGCA
TCTTGT
AGAGACG
ATCTAT
CTGTCTT
AGCATC
ACCGC
ATTACT
AGAAGACGA
GGTCTGT
CAAACAT
AGTAACA
TCCATA
CATCCTTC
TAAG
TACACGA
ATAACGCG
GCCCTG
TCTAAC
GAGGG
GGTGAA
TGAACC
AGGAACT
GTGTG
GGATGGT
GTAGAAG
GGTTTT
ACGCCCT
ATACT
AACTAGC
GTATGC
ATGCATAC
CCCTTC
GTTCGG
TCAGCT
GGCATTC
GCTTAG
CCGAGTC
CGTGTTA
ATGTCC
TATCAAT
GAATGCC
AAGGGT
ACGGGACC
TCATG
ATATCAA
CTGGAGA
ATCGCT
GTAGC
CGGAGAA
CGGC
AACTGT
GTCTATC
TGGTCCT
AGAGTC
AGGATC
TCAAGC
ATATAC
AACGGGT
AGTCGCT
CTAATAT
TGTCCG
GGCCG
GTTGG
TTAGGG
ATATC
AAATGAG
GCTGGT
TAGCCGT
CCGACGCCT
TCATC
AGCTG
TACATT
GTGAC
TAATTTCA
GGGAGG
TCGGCG
TATATA
CGAATTC
TTAAGG
TTCTT
TAGAAGC
CGTCGA
AATTG
CATGTC
CCAT
GCCTCA
ACTTTC
GTGTC
CGTATA
ATGGCA
CAACAG
GTGACC
GCGTTAC
TGATT
TCCGGC
GTATGCT
TGGCTT
TCACAGC
CTGTCC
ATCTGG
GAGGTCG
GAAATCT
TATGCCC
CGCGGCC
AATATTC
CACCAGC
TAGCCCT
AAACGTTG
CCCTACT
TTGTAGA
TCTAAT
TTATT
TTGGT
AGTTAG
CTTTTCT
AAGGTCT
ATGGTG
CCAATC
TGTACCC
GTCAG
ACTCA
CCGCC
CGCCTAC
GGTCAC
ATCTTA
TTCGC
CCGAAAC
TGTGCCA
CAAGGG
TTGTCC
CCCAATT
ACACCA
CGAAAAT
GATTTA
GGGACC
CCTTAC
AACTCT
GACAA
AATATTT
GACTCTC
CGCTAG
TATAACG
ACGTAA
GACTCC
TGGACA
GGACGGA
CTTTCTAA
CAGAGCA
CGTATTA
GAGTTAA
TCAGGCG
ACCGTT
CGAGACG
AAGTTG
TAGAACT
ACCCACG
GCTAAAG
CTTGAGGG
ATTAAAA
GGCGAT
CAAGT
GAATGA
TCGAGGTG
GTGGTTC
CAAAGCA
TATCCCAA
GGCATTA
CCCCG
CTAGGCAT
GTTGA
CTCGTA
TAAGAGA
GTAGCA
TTAAAA
CGCCCT
GTAAGGT
CTTGC
ATTCTTC
GCTTGAT
CACTGAG
CAGCTA
GTTGGT
GCGTTGA
ACCTTT
GAGGGAT
TCTCT
CCTAGAG
CTAGCA
TGTTAGT
TACAC
GACCA
GCCAACC
CTCCCCG
GGTATG
TTAGGAG
TGCGCAG
ATAACAC
ATGTGAC
GATCAG
GTAGGG
GCGCAC
TTATAT
CCCGTGC
CCGGAC
ATTGTGG
GCGTCGTC
TAGCGG
CGTATG
AAATGG
GGGCAAG
GCCCAC
TACGGT
TGCGTA
CAGGTCG
TCATGT
TATTAT
TGGCTC
TCACTGC
TGTCGT
TTAACA
TAGGGAG
TCAAGCCT
GTAACA
CAGTGC
GCCCA
GCGGGTT
GTCCGG
GAGCTAA
GTATGG
CGTCATGT
CAGCGTA
AGTTTA
AGATCG
TACCTTC
GCAGGC
CCGACCC
AACAGGCG
CTTCCCG
AATCTCA
CTATCT
GTGAAG
CAGGT
GTTAGA
CGCCTGA
ATAGGG
ACATGG
CCCCGAC
ACTGCAAA
ATCCTAG
CGTCTT
GTAGA
GGGAGA
CACGG
GGACCC
GTCGGA
AGGCTT
ATTCTC
TTACCAA
CCCTTAT
AGGTCGCG
CAAAAT
TTAGAT
TTTAAC
TTAAGTG
CTCATA
TCTTCGC
CTTCGGC
GAAAGAC
AGTTAT
GTTGCC
TATGAC
GATTCTA
ATATCTC
TTTCCCC
GGACTAC
GCCTCGGA
AAGTCCAC
CCGCACC
TAGAA
TAATGTCG
GACTGCG
TGTATGA
CAAGA
GGGGC
TCACTCT
ACACCC
CATGCC
